0 info it worked if it ends with ok
1 verbose cli [ '/usr/bin/node', '/usr/bin/npm', 'install', '-g', 'phaser' ]
2 info using npm@3.5.2
3 info using node@v8.10.0
4 silly loadCurrentTree Starting
5 silly install loadCurrentTree
6 silly install readGlobalPackageData
7 silly fetchPackageMetaData phaser
8 silly fetchNamedPackageData phaser
9 silly mapToRegistry name phaser
10 silly mapToRegistry using default registry
11 silly mapToRegistry registry https://registry.npmjs.org/
12 silly mapToRegistry uri https://registry.npmjs.org/phaser
13 verbose request uri https://registry.npmjs.org/phaser
14 verbose request no auth needed
15 info attempt registry request try #1 at 5:05:46 PM
16 verbose request id f4ff7014824a910e
17 verbose etag W/"821ecc5733434170f99dd54797b306fd"
18 verbose lastModified Tue, 16 Oct 2018 15:27:08 GMT
19 http request GET https://registry.npmjs.org/phaser
20 http 304 https://registry.npmjs.org/phaser
21 verbose headers { date: 'Thu, 22 Nov 2018 14:05:46 GMT',
21 verbose headers   connection: 'keep-alive',
21 verbose headers   'set-cookie':
21 verbose headers    [ '__cfduid=df8aa56546dc7654ea8826e97aa115d511542895546; expires=Fri, 22-Nov-19 14:05:46 GMT; path=/; domain=.registry.npmjs.org; HttpOnly' ],
21 verbose headers   'cf-cache-status': 'HIT',
21 verbose headers   'cache-control': 'max-age=300',
21 verbose headers   'cf-ray': '47dbf3f06f678697-ARN',
21 verbose headers   etag: '"821ecc5733434170f99dd54797b306fd"',
21 verbose headers   'expect-ct': 'max-age=604800, report-uri="https://report-uri.cloudflare.com/cdn-cgi/beacon/expect-ct"',
21 verbose headers   'last-modified': 'Tue, 16 Oct 2018 15:27:08 GMT',
21 verbose headers   vary: 'accept-encoding, accept',
21 verbose headers   'x-amz-meta-rev': '153-9682b595756837076bdeb2821ce753e3',
21 verbose headers   server: 'cloudflare' }
22 silly get cb [ 304,
22 silly get   { date: 'Thu, 22 Nov 2018 14:05:46 GMT',
22 silly get     connection: 'keep-alive',
22 silly get     'set-cookie':
22 silly get      [ '__cfduid=df8aa56546dc7654ea8826e97aa115d511542895546; expires=Fri, 22-Nov-19 14:05:46 GMT; path=/; domain=.registry.npmjs.org; HttpOnly' ],
22 silly get     'cf-cache-status': 'HIT',
22 silly get     'cache-control': 'max-age=300',
22 silly get     'cf-ray': '47dbf3f06f678697-ARN',
22 silly get     etag: '"821ecc5733434170f99dd54797b306fd"',
22 silly get     'expect-ct': 'max-age=604800, report-uri="https://report-uri.cloudflare.com/cdn-cgi/beacon/expect-ct"',
22 silly get     'last-modified': 'Tue, 16 Oct 2018 15:27:08 GMT',
22 silly get     vary: 'accept-encoding, accept',
22 silly get     'x-amz-meta-rev': '153-9682b595756837076bdeb2821ce753e3',
22 silly get     server: 'cloudflare' } ]
23 verbose etag https://registry.npmjs.org/phaser from cache
24 verbose get saving phaser to /home/yakov/.npm/registry.npmjs.org/phaser/.cache.json
25 silly install normalizeTree
26 silly loadCurrentTree Finishing
27 silly loadIdealTree Starting
28 silly install loadIdealTree
29 silly cloneCurrentTree Starting
30 silly install cloneCurrentTreeToIdealTree
31 silly cloneCurrentTree Finishing
32 silly loadShrinkwrap Starting
33 silly install loadShrinkwrap
34 silly loadShrinkwrap Finishing
35 silly loadAllDepsIntoIdealTree Starting
36 silly install loadAllDepsIntoIdealTree
37 silly resolveWithNewModule phaser@3.15.1 checking installable status
38 silly cache add args [ 'phaser', null ]
39 verbose cache add spec phaser
40 silly cache add parsed spec Result {
40 silly cache add   raw: 'phaser',
40 silly cache add   scope: null,
40 silly cache add   name: 'phaser',
40 silly cache add   rawSpec: '',
40 silly cache add   spec: 'latest',
40 silly cache add   type: 'tag' }
41 silly addNamed phaser@latest
42 verbose addNamed "latest" is being treated as a dist-tag for phaser
43 info addNameTag [ 'phaser', 'latest' ]
44 silly mapToRegistry name phaser
45 silly mapToRegistry using default registry
46 silly mapToRegistry registry https://registry.npmjs.org/
47 silly mapToRegistry uri https://registry.npmjs.org/phaser
48 verbose addNameTag registry:https://registry.npmjs.org/phaser not in flight; fetching
49 verbose get https://registry.npmjs.org/phaser not expired, no request
50 silly addNameTag next cb for phaser with tag latest
51 silly addNamed phaser@3.15.1
52 verbose addNamed "3.15.1" is a plain semver version for phaser
53 silly cache afterAdd phaser@3.15.1
54 verbose afterAdd /home/yakov/.npm/phaser/3.15.1/package/package.json not in flight; writing
55 verbose afterAdd /home/yakov/.npm/phaser/3.15.1/package/package.json written
56 silly fetchNamedPackageData eventemitter3
57 silly mapToRegistry name eventemitter3
58 silly mapToRegistry using default registry
59 silly mapToRegistry registry https://registry.npmjs.org/
60 silly mapToRegistry uri https://registry.npmjs.org/eventemitter3
61 verbose request uri https://registry.npmjs.org/eventemitter3
62 verbose request no auth needed
63 info attempt registry request try #1 at 5:05:47 PM
64 verbose etag W/"d5835bc41d855e67dbbd77220b884470"
65 verbose lastModified Sun, 27 May 2018 00:01:54 GMT
66 http request GET https://registry.npmjs.org/eventemitter3
67 http 304 https://registry.npmjs.org/eventemitter3
68 verbose headers { date: 'Thu, 22 Nov 2018 14:05:47 GMT',
68 verbose headers   connection: 'keep-alive',
68 verbose headers   'set-cookie':
68 verbose headers    [ '__cfduid=df12110270d38c1da1c5f4af552226b8f1542895547; expires=Fri, 22-Nov-19 14:05:47 GMT; path=/; domain=.registry.npmjs.org; HttpOnly' ],
68 verbose headers   'cf-cache-status': 'HIT',
68 verbose headers   'cache-control': 'max-age=300',
68 verbose headers   'cf-ray': '47dbf3f279568697-ARN',
68 verbose headers   etag: '"d5835bc41d855e67dbbd77220b884470"',
68 verbose headers   'expect-ct': 'max-age=604800, report-uri="https://report-uri.cloudflare.com/cdn-cgi/beacon/expect-ct"',
68 verbose headers   'last-modified': 'Sun, 27 May 2018 00:01:54 GMT',
68 verbose headers   vary: 'accept-encoding, accept',
68 verbose headers   server: 'cloudflare' }
69 silly get cb [ 304,
69 silly get   { date: 'Thu, 22 Nov 2018 14:05:47 GMT',
69 silly get     connection: 'keep-alive',
69 silly get     'set-cookie':
69 silly get      [ '__cfduid=df12110270d38c1da1c5f4af552226b8f1542895547; expires=Fri, 22-Nov-19 14:05:47 GMT; path=/; domain=.registry.npmjs.org; HttpOnly' ],
69 silly get     'cf-cache-status': 'HIT',
69 silly get     'cache-control': 'max-age=300',
69 silly get     'cf-ray': '47dbf3f279568697-ARN',
69 silly get     etag: '"d5835bc41d855e67dbbd77220b884470"',
69 silly get     'expect-ct': 'max-age=604800, report-uri="https://report-uri.cloudflare.com/cdn-cgi/beacon/expect-ct"',
69 silly get     'last-modified': 'Sun, 27 May 2018 00:01:54 GMT',
69 silly get     vary: 'accept-encoding, accept',
69 silly get     server: 'cloudflare' } ]
70 verbose etag https://registry.npmjs.org/eventemitter3 from cache
71 verbose get saving eventemitter3 to /home/yakov/.npm/registry.npmjs.org/eventemitter3/.cache.json
72 silly resolveWithNewModule eventemitter3@3.1.0 checking installable status
73 silly cache add args [ 'eventemitter3@^3.1.0', null ]
74 verbose cache add spec eventemitter3@^3.1.0
75 silly cache add parsed spec Result {
75 silly cache add   raw: 'eventemitter3@^3.1.0',
75 silly cache add   scope: null,
75 silly cache add   name: 'eventemitter3',
75 silly cache add   rawSpec: '^3.1.0',
75 silly cache add   spec: '>=3.1.0 <4.0.0',
75 silly cache add   type: 'range' }
76 silly addNamed eventemitter3@>=3.1.0 <4.0.0
77 verbose addNamed ">=3.1.0 <4.0.0" is a valid semver range for eventemitter3
78 silly addNameRange { name: 'eventemitter3',
78 silly addNameRange   range: '>=3.1.0 <4.0.0',
78 silly addNameRange   hasData: false }
79 silly mapToRegistry name eventemitter3
80 silly mapToRegistry using default registry
81 silly mapToRegistry registry https://registry.npmjs.org/
82 silly mapToRegistry uri https://registry.npmjs.org/eventemitter3
83 verbose addNameRange registry:https://registry.npmjs.org/eventemitter3 not in flight; fetching
84 verbose get https://registry.npmjs.org/eventemitter3 not expired, no request
85 silly addNameRange number 2 { name: 'eventemitter3', range: '>=3.1.0 <4.0.0', hasData: true }
86 silly addNameRange versions [ 'eventemitter3',
86 silly addNameRange   [ '0.0.0',
86 silly addNameRange     '0.0.1',
86 silly addNameRange     '0.1.0',
86 silly addNameRange     '0.1.1',
86 silly addNameRange     '0.1.2',
86 silly addNameRange     '0.1.3',
86 silly addNameRange     '0.1.4',
86 silly addNameRange     '0.1.5',
86 silly addNameRange     '0.1.6',
86 silly addNameRange     '1.0.0',
86 silly addNameRange     '1.0.1',
86 silly addNameRange     '1.0.2',
86 silly addNameRange     '1.0.3',
86 silly addNameRange     '1.1.0',
86 silly addNameRange     '1.1.1',
86 silly addNameRange     '1.2.0',
86 silly addNameRange     '2.0.0',
86 silly addNameRange     '2.0.1',
86 silly addNameRange     '2.0.2',
86 silly addNameRange     '2.0.3',
86 silly addNameRange     '3.0.0',
86 silly addNameRange     '3.0.1',
86 silly addNameRange     '3.1.0' ] ]
87 silly addNamed eventemitter3@3.1.0
88 verbose addNamed "3.1.0" is a plain semver version for eventemitter3
89 silly cache afterAdd eventemitter3@3.1.0
90 verbose afterAdd /home/yakov/.npm/eventemitter3/3.1.0/package/package.json not in flight; writing
91 verbose afterAdd /home/yakov/.npm/eventemitter3/3.1.0/package/package.json written
92 silly loadAllDepsIntoIdealTree Finishing
93 silly idealTree:prePrune lib
93 silly idealTree:prePrune └─┬ phaser@3.15.1
93 silly idealTree:prePrune   └── eventemitter3@3.1.0
94 silly loadIdealTree Finishing
95 silly currentTree lib
96 silly idealTree lib
96 silly idealTree └─┬ phaser@3.15.1
96 silly idealTree   └── eventemitter3@3.1.0
97 silly generateActionsToTake Starting
98 silly install generateActionsToTake
99 warn checkPermissions Missing write access to /usr/local/lib/node_modules
100 silly rollbackFailedOptional Starting
101 silly rollbackFailedOptional Finishing
102 silly runTopLevelLifecycles Starting
103 silly runTopLevelLifecycles Finishing
104 silly install printInstalled
105 verbose stack Error: EACCES: permission denied, access '/usr/local/lib/node_modules'
106 verbose cwd /home/yakov/Документы/week8/thu-fri/my-solo-game
107 error Linux 4.17.0-041700-generic
108 error argv "/usr/bin/node" "/usr/bin/npm" "install" "-g" "phaser"
109 error node v8.10.0
110 error npm  v3.5.2
111 error path /usr/local/lib/node_modules
112 error code EACCES
113 error errno -13
114 error syscall access
115 error Error: EACCES: permission denied, access '/usr/local/lib/node_modules'
115 error  { Error: EACCES: permission denied, access '/usr/local/lib/node_modules'
115 error   errno: -13,
115 error   code: 'EACCES',
115 error   syscall: 'access',
115 error   path: '/usr/local/lib/node_modules' }
116 error Please try running this command again as root/Administrator.
117 verbose exit [ -13, true ]
